<?xml version="1.0" encoding="UTF-8"?>
<!-- Generated by org.testng.reporters.JUnitReportReporter -->
<testsuite hostname="TunaPC" name="com.tuna.nic.NICInterpreterTest" tests="3" failures="0" timestamp="11 Sep 2013 15:35:15 GMT" time="0.254" errors="0">
  <testcase name="testInterpret_1" time="0.249" classname="com.tuna.nic.NICInterpreterTest"/>
  <testcase name="testInterpret_2" time="0.003" classname="com.tuna.nic.NICInterpreterTest"/>
  <testcase name="testInterpret_3" time="0.002" classname="com.tuna.nic.NICInterpreterTest"/>
</testsuite> <!-- com.tuna.nic.NICInterpreterTest -->
